<?xml version="1.0" encoding="UTF-8"?>
<!-- Generated by org.testng.reporters.JUnitXMLReporter -->
<testsuite ignored="4" hostname="BackendPC-03" failures="0" tests="8" name="Test" time="16.45" errors="0" timestamp="2024-12-30T14:23:20 GST">
  <testcase classname="VerifyDashboard" name="VerifyAqarySite" time="0.475"/>
  <testcase classname="Login" name="Login" time="0.593"/>
  <testcase classname="Login" name="EnterValidUser" time="0.285"/>
  <testcase classname="PropertyHub" name="NavigateToNav" time="1.41"/>
  <testcase classname="PropertyHub" name="AddProperty" time="1.291"/>
  <testcase classname="PropertyHub" name="location" time="1.009"/>
  <testcase classname="PropertyHub" name="AddDetails" time="10.083"/>
  <testcase classname="PropertyHub" name="AmenitiesFacilities" time="1.294"/>
  <testcase classname="MainMethods" name="@AfterSuite tearDownSuite" time="0.0">
    <ignored/>
  </testcase> <!-- @AfterSuite tearDownSuite -->
  <testcase classname="MainMethods" name="@BeforeSuite setUpSuite" time="0.0">
    <ignored/>
  </testcase> <!-- @BeforeSuite setUpSuite -->
  <testcase classname="MainMethods" name="@AfterSuite tearDownSuite" time="0.0">
    <ignored/>
  </testcase> <!-- @AfterSuite tearDownSuite -->
  <testcase classname="MainMethods" name="@BeforeSuite setUpSuite" time="0.0">
    <ignored/>
  </testcase> <!-- @BeforeSuite setUpSuite -->
</testsuite> <!-- Test -->
