<?xml version="1.0" encoding="UTF-8"?>
<testng-results ignored="0" total="8" passed="8" failed="0" skipped="0">
  <reporter-output>
  </reporter-output>
  <suite started-at="2024-12-30T14:23:03 GST" name="Suite" finished-at="2024-12-30T14:23:20 GST" duration-ms="16450">
    <groups>
    </groups>
    <test started-at="2024-12-30T14:23:03 GST" name="Test" finished-at="2024-12-30T14:23:20 GST" duration-ms="16450">
      <class name="PropertyHub">
        <test-method signature="NavigateToNav()[pri:1, instance:PropertyHub@6df2a206]" started-at="2024-12-30T14:23:05 GST" name="NavigateToNav" finished-at="2024-12-30T14:23:06 GST" duration-ms="1410" status="PASS">
          <reporter-output>
          </reporter-output>
        </test-method> <!-- NavigateToNav -->
        <test-method signature="AddProperty()[pri:2, instance:PropertyHub@6df2a206]" started-at="2024-12-30T14:23:06 GST" name="AddProperty" finished-at="2024-12-30T14:23:07 GST" duration-ms="1291" status="PASS">
          <reporter-output>
          </reporter-output>
        </test-method> <!-- AddProperty -->
        <test-method signature="location()[pri:3, instance:PropertyHub@6df2a206]" started-at="2024-12-30T14:23:07 GST" name="location" finished-at="2024-12-30T14:23:08 GST" duration-ms="1009" status="PASS">
          <reporter-output>
          </reporter-output>
        </test-method> <!-- location -->
        <test-method signature="AddDetails()[pri:4, instance:PropertyHub@6df2a206]" started-at="2024-12-30T14:23:08 GST" name="AddDetails" finished-at="2024-12-30T14:23:18 GST" duration-ms="10083" status="PASS">
          <reporter-output>
          </reporter-output>
        </test-method> <!-- AddDetails -->
        <test-method signature="AmenitiesFacilities()[pri:5, instance:PropertyHub@6df2a206]" started-at="2024-12-30T14:23:18 GST" name="AmenitiesFacilities" finished-at="2024-12-30T14:23:20 GST" duration-ms="1294" status="PASS">
          <reporter-output>
          </reporter-output>
        </test-method> <!-- AmenitiesFacilities -->
      </class> <!-- PropertyHub -->
      <class name="VerifyDashboard">
        <test-method is-config="true" signature="setUpSuite()[pri:0, instance:VerifyDashboard@596afb2f]" started-at="2024-12-30T14:23:01 GST" name="setUpSuite" finished-at="2024-12-30T14:23:03 GST" duration-ms="2305" status="PASS">
          <reporter-output>
          </reporter-output>
        </test-method> <!-- setUpSuite -->
        <test-method signature="VerifyAqarySite()[pri:0, instance:VerifyDashboard@596afb2f]" started-at="2024-12-30T14:23:03 GST" name="VerifyAqarySite" finished-at="2024-12-30T14:23:04 GST" duration-ms="475" status="PASS">
          <reporter-output>
          </reporter-output>
        </test-method> <!-- VerifyAqarySite -->
        <test-method is-config="true" signature="tearDownSuite()[pri:0, instance:VerifyDashboard@596afb2f]" started-at="2024-12-30T14:23:20 GST" name="tearDownSuite" finished-at="2024-12-30T14:23:22 GST" duration-ms="2690" status="PASS">
          <reporter-output>
          </reporter-output>
        </test-method> <!-- tearDownSuite -->
      </class> <!-- VerifyDashboard -->
      <class name="Login">
        <test-method signature="Login()[pri:1, instance:Login@79ba0285]" started-at="2024-12-30T14:23:04 GST" name="Login" finished-at="2024-12-30T14:23:04 GST" duration-ms="593" status="PASS">
          <reporter-output>
          </reporter-output>
        </test-method> <!-- Login -->
        <test-method signature="EnterValidUser()[pri:4, instance:Login@79ba0285]" started-at="2024-12-30T14:23:04 GST" name="EnterValidUser" finished-at="2024-12-30T14:23:05 GST" duration-ms="285" status="PASS">
          <reporter-output>
          </reporter-output>
        </test-method> <!-- EnterValidUser -->
      </class> <!-- Login -->
    </test> <!-- Test -->
  </suite> <!-- Suite -->
</testng-results>
