<?xml version="1.0" encoding="UTF-8"?>
<!-- Generated by org.testng.reporters.JUnitReportReporter -->
<testsuite hostname="BackendPC-03" failures="0" tests="3" name="AddFinancialProvider" time="0.000" errors="0" timestamp="2025-11-17T14:33:29 GST" skipped="3">
  <testcase classname="AddFinancialProvider" name="NavtoProjectFinancialProvider" time="0.000">
    <skipped/>
  </testcase> <!-- NavtoProjectFinancialProvider -->
  <testcase classname="AddFinancialProvider" name="addProvider" time="0.000">
    <skipped/>
  </testcase> <!-- addProvider -->
  <testcase classname="AddFinancialProvider" name="BackToList" time="0.000">
    <skipped/>
  </testcase> <!-- BackToList -->
</testsuite> <!-- AddFinancialProvider -->
