<?xml version="1.0" encoding="UTF-8"?>
<!-- Generated by org.testng.reporters.JUnitReportReporter -->
<testsuite hostname="BackendPC-03" failures="0" tests="5" name="AddProjectReady" time="0.000" errors="0" timestamp="2025-11-17T14:33:29 GST" skipped="5">
  <testcase classname="AddProjectReady" name="NavigateToNav" time="0.000">
    <skipped/>
  </testcase> <!-- NavigateToNav -->
  <testcase classname="AddProjectReady" name="AddProjectDetails" time="0.000">
    <skipped/>
  </testcase> <!-- AddProjectDetails -->
  <testcase classname="AddProjectReady" name="PoolyGoon" time="0.000">
    <skipped/>
  </testcase> <!-- PoolyGoon -->
  <testcase classname="AddProjectReady" name="Description" time="0.000">
    <skipped/>
  </testcase> <!-- Description -->
  <testcase classname="AddProjectReady" name="AmenitiesFacilities" time="0.000">
    <skipped/>
  </testcase> <!-- AmenitiesFacilities -->
</testsuite> <!-- AddProjectReady -->
