<?xml version="1.0" encoding="UTF-8"?>
<!-- Generated by org.testng.reporters.JUnitReportReporter -->
<testsuite hostname="BackendPC-03" failures="0" tests="2" name="addPropertyPlan" time="0.000" errors="0" timestamp="2025-11-17T14:33:29 GST" skipped="2">
  <testcase classname="addPropertyPlan" name="NavtoPropertyPlan" time="0.000">
    <skipped/>
  </testcase> <!-- NavtoPropertyPlan -->
  <testcase classname="addPropertyPlan" name="UploadPlan" time="0.000">
    <skipped/>
  </testcase> <!-- UploadPlan -->
</testsuite> <!-- addPropertyPlan -->
