<?xml version="1.0" encoding="UTF-8"?>
<!-- Generated by org.testng.reporters.JUnitReportReporter -->
<testsuite hostname="BackendPC-03" failures="0" tests="2" name="ProjectGallery" time="0.000" errors="0" timestamp="2025-11-17T14:33:29 GST" skipped="2">
  <testcase classname="ProjectGallery" name="NavtoAdd" time="0.000">
    <skipped/>
  </testcase> <!-- NavtoAdd -->
  <testcase classname="ProjectGallery" name="ProjectOffPlanGallery" time="0.000">
    <skipped/>
  </testcase> <!-- ProjectOffPlanGallery -->
</testsuite> <!-- ProjectGallery -->
