<?xml version="1.0" encoding="UTF-8"?>
<!-- Generated by org.testng.reporters.JUnitReportReporter -->
<testsuite hostname="BackendPC-03" failures="0" tests="2" name="ProjectPlan" time="0.000" errors="0" timestamp="2025-11-17T14:33:29 GST" skipped="2">
  <testcase classname="ProjectPlan" name="NavtoPlan" time="0.000">
    <skipped/>
  </testcase> <!-- NavtoPlan -->
  <testcase classname="ProjectPlan" name="UploadPlan" time="0.000">
    <skipped/>
  </testcase> <!-- UploadPlan -->
</testsuite> <!-- ProjectPlan -->
