<?xml version="1.0" encoding="UTF-8"?>
<!-- Generated by org.testng.reporters.JUnitReportReporter -->
<testsuite hostname="BackendPC-03" failures="0" tests="3" name="PropertyUnitTypes" time="0.000" errors="0" timestamp="2025-11-17T14:33:29 GST" skipped="3">
  <testcase classname="PropertyUnitTypes" name="GotoUnitTypes" time="0.000">
    <skipped/>
  </testcase> <!-- GotoUnitTypes -->
  <testcase classname="PropertyUnitTypes" name="addUnitTypes" time="0.000">
    <skipped/>
  </testcase> <!-- addUnitTypes -->
  <testcase classname="PropertyUnitTypes" name="Description" time="0.000">
    <skipped/>
  </testcase> <!-- Description -->
</testsuite> <!-- PropertyUnitTypes -->
